This file contains any messages produced by compilers while
running configure, to aid debugging if configure makes a mistake.

It was created by alttab configure 1.8.0, which was
generated by GNU Autoconf 2.72.  Invocation command line was

  $ ./configure

## --------- ##
## Platform. ##
## --------- ##

hostname = thinkpad
uname -m = x86_64
uname -r = 6.18.39_1
uname -s = Linux
uname -v = #1 SMP PREEMPT_DYNAMIC Sun Jul 19 22:55:12 UTC 2026

/usr/bin/uname -p = unknown
/bin/uname -X     = unknown

/bin/arch              = x86_64
/usr/bin/arch -k       = unknown
/usr/convex/getsysinfo = unknown
/usr/bin/hostinfo      = unknown
/bin/machine           = unknown
/usr/bin/oslevel       = unknown
/bin/universe          = unknown

PATH: /home/whit/.nix-profile/bin/
PATH: /nix/var/nix/profiles/default/bin/
PATH: /home/whit/.nix-profile/bin/
PATH: /home/whit/.nix-profile/bin/
PATH: /nix/var/nix/profiles/default/bin/
PATH: /usr/local/sbin/
PATH: /usr/local/bin/
PATH: /usr/sbin/
PATH: /usr/bin/
PATH: /sbin/
PATH: /bin/


## ----------- ##
## Core tests. ##
## ----------- ##

configure:2235: looking for aux files: tap-driver.sh compile missing install-sh
configure:2248:  trying ./
configure:2277:   ./tap-driver.sh found
configure:2277:   ./compile found
configure:2277:   ./missing found
configure:2259:   ./install-sh found
configure:2407: checking for a BSD-compatible install
configure:2481: result: /usr/bin/install -c
configure:2492: checking whether build environment is sane
configure:2547: result: yes
configure:2708: checking for a race-free mkdir -p
configure:2751: result: /usr/sbin/mkdir -p
configure:2758: checking for gawk
configure:2779: found /usr/sbin/gawk
configure:2791: result: gawk
configure:2802: checking whether make sets $(MAKE)
configure:2826: result: yes
configure:2856: checking whether make supports nested variables
configure:2875: result: yes
configure:3077: checking for gcc
configure:3098: found /usr/sbin/gcc
configure:3110: result: gcc
configure:3469: checking for C compiler version
configure:3478: gcc --version >&5
gcc (GCC) 14.2.1 20250405
Copyright (C) 2024 Free Software Foundation, Inc.
This is free software; see the source for copying conditions.  There is NO
warranty; not even for MERCHANTABILITY or FITNESS FOR A PARTICULAR PURPOSE.

configure:3489: $? = 0
configure:3478: gcc -v >&5
Using built-in specs.
COLLECT_GCC=gcc
COLLECT_LTO_WRAPPER=/usr/lib64/gcc/x86_64-unknown-linux-gnu/14.2.1/lto-wrapper
Target: x86_64-unknown-linux-gnu
Configured with: /builddir/gcc-14.2.1+20250405/configure --build=x86_64-unknown-linux-gnu --enable-gnu-unique-object --enable-vtable-verify --prefix=/usr --mandir=/usr/share/man --infodir=/usr/share/info --libexecdir=/usr/lib64 --libdir=/usr/lib64 --enable-threads=posix --enable-__cxa_atexit --disable-multilib --with-system-zlib --enable-shared --enable-lto --enable-plugins --enable-linker-build-id --disable-werror --disable-nls --enable-default-pie --enable-default-ssp --enable-checking=release --disable-libstdcxx-pch --with-isl --with-linker-hash-style=gnu --disable-sjlj-exceptions --disable-target-libiberty --disable-libssp --enable-languages=c,c++,objc,obj-c++,fortran,lto,go,d,ada
Thread model: posix
Supported LTO compression algorithms: zlib zstd
gcc version 14.2.1 20250405 (GCC) 
configure:3489: $? = 0
configure:3478: gcc -V >&5
gcc: error: unrecognized command-line option '-V'
gcc: fatal error: no input files
compilation terminated.
configure:3489: $? = 1
configure:3478: gcc -qversion >&5
gcc: error: unrecognized command-line option '-qversion'; did you mean '--version'?
gcc: fatal error: no input files
compilation terminated.
configure:3489: $? = 1
configure:3478: gcc -version >&5
gcc: error: unrecognized command-line option '-version'
gcc: fatal error: no input files
compilation terminated.
configure:3489: $? = 1
configure:3509: checking whether the C compiler works
configure:3531: gcc    conftest.c  >&5
configure:3535: $? = 0
configure:3586: result: yes
configure:3590: checking for C compiler default output file name
configure:3592: result: a.out
configure:3598: checking for suffix of executables
configure:3605: gcc -o conftest    conftest.c  >&5
configure:3609: $? = 0
configure:3633: result: 
configure:3657: checking whether we are cross compiling
configure:3665: gcc -o conftest    conftest.c  >&5
configure:3669: $? = 0
configure:3676: ./conftest
configure:3680: $? = 0
configure:3695: result: no
configure:3701: checking for suffix of object files
configure:3724: gcc -c   conftest.c >&5
configure:3728: $? = 0
configure:3752: result: o
configure:3756: checking whether the compiler supports GNU C
configure:3776: gcc -c   conftest.c >&5
configure:3776: $? = 0
configure:3788: result: yes
configure:3799: checking whether gcc accepts -g
configure:3820: gcc -c -g  conftest.c >&5
configure:3820: $? = 0
configure:3867: result: yes
configure:3887: checking for gcc option to enable C11 features
configure:3902: gcc  -c -g -O2  conftest.c >&5
configure:3902: $? = 0
configure:3921: result: none needed
configure:4045: checking whether gcc understands -c and -o together
configure:4068: gcc -c conftest.c -o conftest2.o
configure:4071: $? = 0
configure:4068: gcc -c conftest.c -o conftest2.o
configure:4071: $? = 0
configure:4084: result: yes
configure:4104: checking whether make supports the include directive
configure:4119: make -f confmf.GNU && cat confinc.out
this is the am__doit target
configure:4122: $? = 0
configure:4141: result: yes (GNU style)
configure:4167: checking dependency style of gcc
configure:4280: result: gcc3
configure:4355: checking for pkg-config
configure:4378: found /usr/sbin/pkg-config
configure:4391: result: /usr/sbin/pkg-config
configure:4416: checking pkg-config is at least version 0.9.0
configure:4419: result: yes
configure:4429: checking for x11
configure:4436: $PKG_CONFIG --exists --print-errors "x11"
configure:4439: $? = 0
configure:4453: $PKG_CONFIG --exists --print-errors "x11"
configure:4456: $? = 0
configure:4514: result: yes
configure:4520: checking for xft
configure:4527: $PKG_CONFIG --exists --print-errors "xft"
configure:4530: $? = 0
configure:4544: $PKG_CONFIG --exists --print-errors "xft"
configure:4547: $? = 0
configure:4605: result: yes
configure:4611: checking for xrender
configure:4618: $PKG_CONFIG --exists --print-errors "xrender"
configure:4621: $? = 0
configure:4635: $PKG_CONFIG --exists --print-errors "xrender"
configure:4638: $? = 0
configure:4696: result: yes
configure:4702: checking for xrandr
configure:4709: $PKG_CONFIG --exists --print-errors "xrandr"
configure:4712: $? = 0
configure:4726: $PKG_CONFIG --exists --print-errors "xrandr"
configure:4729: $? = 0
configure:4787: result: yes
configure:4793: checking for libpng
configure:4800: $PKG_CONFIG --exists --print-errors "libpng"
configure:4803: $? = 0
configure:4817: $PKG_CONFIG --exists --print-errors "libpng"
configure:4820: $? = 0
configure:4878: result: yes
configure:4884: checking for xpm
configure:4891: $PKG_CONFIG --exists --print-errors "xpm"
configure:4894: $? = 0
configure:4908: $PKG_CONFIG --exists --print-errors "xpm"
configure:4911: $? = 0
configure:4969: result: yes
configure:4974: checking for standalone fts library
configure:4992: result: no
configure:4994: libfts or musl-fts not found. Assuming that fts functions are included in libc.
configure:5004: checking for stdio.h
configure:5004: gcc -c -g -O2  conftest.c >&5
configure:5004: $? = 0
configure:5004: result: yes
configure:5004: checking for stdlib.h
configure:5004: gcc -c -g -O2  conftest.c >&5
configure:5004: $? = 0
configure:5004: result: yes
configure:5004: checking for string.h
configure:5004: gcc -c -g -O2  conftest.c >&5
configure:5004: $? = 0
configure:5004: result: yes
configure:5004: checking for inttypes.h
configure:5004: gcc -c -g -O2  conftest.c >&5
configure:5004: $? = 0
configure:5004: result: yes
configure:5004: checking for stdint.h
configure:5004: gcc -c -g -O2  conftest.c >&5
configure:5004: $? = 0
configure:5004: result: yes
configure:5004: checking for strings.h
configure:5004: gcc -c -g -O2  conftest.c >&5
configure:5004: $? = 0
configure:5004: result: yes
configure:5004: checking for sys/stat.h
configure:5004: gcc -c -g -O2  conftest.c >&5
configure:5004: $? = 0
configure:5004: result: yes
configure:5004: checking for sys/types.h
configure:5004: gcc -c -g -O2  conftest.c >&5
configure:5004: $? = 0
configure:5004: result: yes
configure:5004: checking for unistd.h
configure:5004: gcc -c -g -O2  conftest.c >&5
configure:5004: $? = 0
configure:5004: result: yes
configure:5031: checking for uthash.h
configure:5031: gcc -c -g -O2  conftest.c >&5
configure:5031: $? = 0
configure:5031: result: yes
configure:5156: checking that generated files are newer than configure
configure:5162: result: done
configure:5185: creating ./config.status

## ---------------------- ##
## Running config.status. ##
## ---------------------- ##

This file was extended by alttab config.status 1.8.0, which was
generated by GNU Autoconf 2.72.  Invocation command line was

  CONFIG_FILES    = 
  CONFIG_HEADERS  = 
  CONFIG_LINKS    = 
  CONFIG_COMMANDS = 
  $ ./config.status 

on thinkpad

config.status:870: creating Makefile
config.status:870: creating src/Makefile
config.status:870: creating doc/Makefile
config.status:870: creating test/Makefile
config.status:870: creating config.h
config.status:1099: executing depfiles commands
config.status:1174: cd src       && sed -e '/# am--include-marker/d' Makefile         | make -f - am--depfiles
config.status:1181: $? = 0

## ---------------- ##
## Cache variables. ##
## ---------------- ##

ac_cv_c_compiler_gnu='yes'
ac_cv_env_CC_set=''
ac_cv_env_CC_value=''
ac_cv_env_CFLAGS_set=''
ac_cv_env_CFLAGS_value=''
ac_cv_env_CPPFLAGS_set=''
ac_cv_env_CPPFLAGS_value=''
ac_cv_env_LDFLAGS_set=''
ac_cv_env_LDFLAGS_value=''
ac_cv_env_LIBS_set=''
ac_cv_env_LIBS_value=''
ac_cv_env_PKG_CONFIG_LIBDIR_set=''
ac_cv_env_PKG_CONFIG_LIBDIR_value=''
ac_cv_env_PKG_CONFIG_PATH_set=''
ac_cv_env_PKG_CONFIG_PATH_value=''
ac_cv_env_PKG_CONFIG_set=''
ac_cv_env_PKG_CONFIG_value=''
ac_cv_env_build_alias_set=''
ac_cv_env_build_alias_value=''
ac_cv_env_host_alias_set=''
ac_cv_env_host_alias_value=''
ac_cv_env_libpng_CFLAGS_set=''
ac_cv_env_libpng_CFLAGS_value=''
ac_cv_env_libpng_LIBS_set=''
ac_cv_env_libpng_LIBS_value=''
ac_cv_env_target_alias_set=''
ac_cv_env_target_alias_value=''
ac_cv_env_x11_CFLAGS_set=''
ac_cv_env_x11_CFLAGS_value=''
ac_cv_env_x11_LIBS_set=''
ac_cv_env_x11_LIBS_value=''
ac_cv_env_xft_CFLAGS_set=''
ac_cv_env_xft_CFLAGS_value=''
ac_cv_env_xft_LIBS_set=''
ac_cv_env_xft_LIBS_value=''
ac_cv_env_xpm_CFLAGS_set=''
ac_cv_env_xpm_CFLAGS_value=''
ac_cv_env_xpm_LIBS_set=''
ac_cv_env_xpm_LIBS_value=''
ac_cv_env_xrandr_CFLAGS_set=''
ac_cv_env_xrandr_CFLAGS_value=''
ac_cv_env_xrandr_LIBS_set=''
ac_cv_env_xrandr_LIBS_value=''
ac_cv_env_xrender_CFLAGS_set=''
ac_cv_env_xrender_CFLAGS_value=''
ac_cv_env_xrender_LIBS_set=''
ac_cv_env_xrender_LIBS_value=''
ac_cv_header_inttypes_h='yes'
ac_cv_header_stdint_h='yes'
ac_cv_header_stdio_h='yes'
ac_cv_header_stdlib_h='yes'
ac_cv_header_string_h='yes'
ac_cv_header_strings_h='yes'
ac_cv_header_sys_stat_h='yes'
ac_cv_header_sys_types_h='yes'
ac_cv_header_unistd_h='yes'
ac_cv_header_uthash_h='yes'
ac_cv_objext='o'
ac_cv_path_ac_pt_PKG_CONFIG='/usr/sbin/pkg-config'
ac_cv_path_install='/usr/bin/install -c'
ac_cv_path_mkdir='/usr/sbin/mkdir'
ac_cv_prog_AWK='gawk'
ac_cv_prog_ac_ct_CC='gcc'
ac_cv_prog_cc_c11=''
ac_cv_prog_cc_g='yes'
ac_cv_prog_cc_stdc=''
ac_cv_prog_make_make_set='yes'
am_cv_CC_dependencies_compiler_type='gcc3'
am_cv_make_support_nested_variables='yes'
am_cv_prog_cc_c_o='yes'
pkg_cv_libpng_CFLAGS='-I/usr/include/libpng16'
pkg_cv_libpng_LIBS='-lpng16'
pkg_cv_x11_CFLAGS=''
pkg_cv_x11_LIBS='-lX11'
pkg_cv_xft_CFLAGS='-I/usr/include/freetype2 -I/usr/include/libpng16'
pkg_cv_xft_LIBS='-lXft'
pkg_cv_xpm_CFLAGS=''
pkg_cv_xpm_LIBS='-lXpm -lX11'
pkg_cv_xrandr_CFLAGS=''
pkg_cv_xrandr_LIBS='-lXrandr'
pkg_cv_xrender_CFLAGS=''
pkg_cv_xrender_LIBS='-lXrender -lX11'

## ----------------- ##
## Output variables. ##
## ----------------- ##

ACLOCAL='${SHELL} '\''/home/whit/alttab/missing'\'' aclocal-1.16'
AMDEPBACKSLASH='\'
AMDEP_FALSE='#'
AMDEP_TRUE=''
AMTAR='$${TAR-tar}'
AM_BACKSLASH='\'
AM_DEFAULT_V='$(AM_DEFAULT_VERBOSITY)'
AM_DEFAULT_VERBOSITY='1'
AM_V='$(V)'
AUTOCONF='${SHELL} '\''/home/whit/alttab/missing'\'' autoconf'
AUTOHEADER='${SHELL} '\''/home/whit/alttab/missing'\'' autoheader'
AUTOMAKE='${SHELL} '\''/home/whit/alttab/missing'\'' automake-1.16'
AWK='gawk'
CC='gcc'
CCDEPMODE='depmode=gcc3'
CFLAGS='-g -O2'
CPPFLAGS=''
CSCOPE='cscope'
CTAGS='ctags'
CYGPATH_W='echo'
DEFS='-DHAVE_CONFIG_H'
DEPDIR='.deps'
ECHO_C=''
ECHO_N='-n'
ECHO_T=''
ETAGS='etags'
EXEEXT=''
INSTALL_DATA='${INSTALL} -m 644'
INSTALL_PROGRAM='${INSTALL}'
INSTALL_SCRIPT='${INSTALL}'
INSTALL_STRIP_PROGRAM='$(install_sh) -c -s'
LDFLAGS=''
LIBOBJS=''
LIBS=''
LTLIBOBJS=''
MAKEINFO='${SHELL} '\''/home/whit/alttab/missing'\'' makeinfo'
MKDIR_P='/usr/sbin/mkdir -p'
OBJEXT='o'
PACKAGE='alttab'
PACKAGE_BUGREPORT=''
PACKAGE_NAME='alttab'
PACKAGE_STRING='alttab 1.8.0'
PACKAGE_TARNAME='alttab'
PACKAGE_URL=''
PACKAGE_VERSION='1.8.0'
PATH_SEPARATOR=':'
PKG_CONFIG='/usr/sbin/pkg-config'
PKG_CONFIG_LIBDIR=''
PKG_CONFIG_PATH=''
SET_MAKE=''
SHELL='/bin/sh'
STRIP=''
VERSION='1.8.0'
ac_ct_CC='gcc'
am__EXEEXT_FALSE=''
am__EXEEXT_TRUE='#'
am__fastdepCC_FALSE='#'
am__fastdepCC_TRUE=''
am__include='include'
am__isrc=''
am__leading_dot='.'
am__nodep='_no'
am__quote=''
am__tar='$${TAR-tar} chof - "$$tardir"'
am__untar='$${TAR-tar} xf -'
bindir='${exec_prefix}/bin'
build_alias=''
datadir='${datarootdir}'
datarootdir='${prefix}/share'
docdir='${datarootdir}/doc/${PACKAGE_TARNAME}'
dvidir='${docdir}'
exec_prefix='${prefix}'
fts_CFLAGS=''
fts_LIBS=''
host_alias=''
htmldir='${docdir}'
includedir='${prefix}/include'
infodir='${datarootdir}/info'
install_sh='${SHELL} /home/whit/alttab/install-sh'
libdir='${exec_prefix}/lib'
libexecdir='${exec_prefix}/libexec'
libpng_CFLAGS='-I/usr/include/libpng16'
libpng_LIBS='-lpng16'
localedir='${datarootdir}/locale'
localstatedir='${prefix}/var'
mandir='${datarootdir}/man'
mkdir_p='$(MKDIR_P)'
oldincludedir='/usr/include'
pdfdir='${docdir}'
prefix='/usr/local'
program_transform_name='s,x,x,'
psdir='${docdir}'
runstatedir='${localstatedir}/run'
sbindir='${exec_prefix}/sbin'
sharedstatedir='${prefix}/com'
sysconfdir='${prefix}/etc'
target_alias=''
x11_CFLAGS=''
x11_LIBS='-lX11'
xft_CFLAGS='-I/usr/include/freetype2 -I/usr/include/libpng16'
xft_LIBS='-lXft'
xpm_CFLAGS=''
xpm_LIBS='-lXpm -lX11'
xrandr_CFLAGS=''
xrandr_LIBS='-lXrandr'
xrender_CFLAGS=''
xrender_LIBS='-lXrender -lX11'

## ----------- ##
## confdefs.h. ##
## ----------- ##

/* confdefs.h */
#define PACKAGE_NAME "alttab"
#define PACKAGE_TARNAME "alttab"
#define PACKAGE_VERSION "1.8.0"
#define PACKAGE_STRING "alttab 1.8.0"
#define PACKAGE_BUGREPORT ""
#define PACKAGE_URL ""
#define PACKAGE "alttab"
#define VERSION "1.8.0"
#define HAVE_STDIO_H 1
#define HAVE_STDLIB_H 1
#define HAVE_STRING_H 1
#define HAVE_INTTYPES_H 1
#define HAVE_STDINT_H 1
#define HAVE_STRINGS_H 1
#define HAVE_SYS_STAT_H 1
#define HAVE_SYS_TYPES_H 1
#define HAVE_UNISTD_H 1
#define STDC_HEADERS 1
#define HAVE_UTHASH_H 1

configure: exit 0

## ---------------------- ##
## Running config.status. ##
## ---------------------- ##

This file was extended by alttab config.status 1.8.0, which was
generated by GNU Autoconf 2.72.  Invocation command line was

  CONFIG_FILES    = 
  CONFIG_HEADERS  = 
  CONFIG_LINKS    = 
  CONFIG_COMMANDS = 
  $ ./config.status config.h

on thinkpad

config.status:870: creating config.h
config.status:1051: config.h is unchanged
